Using pre-set license
Built from '2020.2/staging' branch; Version is '2020.2.6f1 (8a2143876886) revision 9052483'; Using compiler version '192528614'; Build Type 'Release'
OS: 'Windows 10 Pro; OS build 19042.964; Version 2009; 64bit' Language: 'tr' Physical Memory: 16221 MB
BatchMode: 1, IsHumanControllingUs: 0, StartBugReporterOnCrash: 0, Is64bit: 1, IsPro: 0

 COMMAND LINE ARGUMENTS:
C:\Program Files\Unity\Hub\Editor\2020.2.6f1\Editor\Unity.exe
-adb2
-batchMode
-noUpm
-name
AssetImportWorker0
-projectPath
C:/Users/Wijt/Documents/Projeler/Unity/graduation-project-2
-logFile
Logs/AssetImportWorker0.log
-srvPort
62037
Successfully changed project path to: C:/Users/Wijt/Documents/Projeler/Unity/graduation-project-2
C:/Users/Wijt/Documents/Projeler/Unity/graduation-project-2
Using Asset Import Pipeline V2.
Refreshing native plugins compatible for Editor in 49.03 ms, found 1 plugins.
Preloading 0 native plugins for Editor in 0.00 ms.
Initialize engine version: 2020.2.6f1 (8a2143876886)
[Subsystems] Discovering subsystems at path C:/Program Files/Unity/Hub/Editor/2020.2.6f1/Editor/Data/Resources/UnitySubsystems
[Subsystems] Discovering subsystems at path C:/Users/Wijt/Documents/Projeler/Unity/graduation-project-2/Assets
GfxDevice: creating device client; threaded=0
Direct3D:
    Version:  Direct3D 11.0 [level 11.1]
    Renderer: NVIDIA GeForce GTX 1650 (ID=0x1f91)
    Vendor:   
    VRAM:     3962 MB
    Driver:   27.21.14.5206
Initialize mono
Mono path[0] = 'C:/Program Files/Unity/Hub/Editor/2020.2.6f1/Editor/Data/Managed'
Mono path[1] = 'C:/Program Files/Unity/Hub/Editor/2020.2.6f1/Editor/Data/MonoBleedingEdge/lib/mono/unityjit'
Mono config path = 'C:/Program Files/Unity/Hub/Editor/2020.2.6f1/Editor/Data/MonoBleedingEdge/etc'
Using monoOptions --debugger-agent=transport=dt_socket,embedding=1,server=y,suspend=n,address=127.0.0.1:56148
Begin MonoManager ReloadAssembly
Registering precompiled unity dll's ...
Register platform support module: C:/Program Files/Unity/Hub/Editor/2020.2.6f1/Editor/Data/PlaybackEngines/WindowsStandaloneSupport/UnityEditor.WindowsStandalone.Extensions.dll
Registered in 0.002062 seconds.
Native extension for WindowsStandalone target not found
Refreshing native plugins compatible for Editor in 46.47 ms, found 1 plugins.
Preloading 0 native plugins for Editor in 0.00 ms.
Invoked RoslynAnalysisRunner static constructor.
RoslynAnalysisRunner will not be running.
RoslynAnalysisRunner has terminated.
Mono: successfully reloaded assembly
- Completed reload, in  1.567 seconds
Platform modules already initialized, skipping
Registering precompiled user dll's ...
Registered in 0.001372 seconds.
Begin MonoManager ReloadAssembly
Native extension for WindowsStandalone target not found
Refreshing native plugins compatible for Editor in 51.63 ms, found 1 plugins.
Preloading 0 native plugins for Editor in 0.00 ms.
Invoked RoslynAnalysisRunner static constructor.
RoslynAnalysisRunner will not be running.
RoslynAnalysisRunner has terminated.
Mono: successfully reloaded assembly
- Completed reload, in  1.280 seconds
Platform modules already initialized, skipping
========================================================================
Worker process is ready to serve import requests
Launched and connected shader compiler UnityShaderCompiler.exe after 0.09 seconds
Refreshing native plugins compatible for Editor in 0.69 ms, found 1 plugins.
Preloading 0 native plugins for Editor in 0.00 ms.
Unloading 2112 Unused Serialized files (Serialized files now loaded: 0)
System memory in use before: 95.1 MB.
System memory in use after: 95.2 MB.

Unloading 32 unused Assets to reduce memory usage. Loaded Objects now: 2548.
Total: 5.310700 ms (FindLiveObjects: 0.443500 ms CreateObjectMapping: 0.205900 ms MarkObjects: 4.488000 ms  DeleteObjects: 0.171200 ms)

========================================================================
Received Import Request.
  path: Assets/UnityNEAT/Extra/Prefabs
  artifactKey: Guid(e8ce4c0e534d7974b921fab022bc11cc) Importer(815301076,1909f56bfc062723c751e8b465ee728b)
Start importing Assets/UnityNEAT/Extra/Prefabs using Guid(e8ce4c0e534d7974b921fab022bc11cc) Importer(815301076,1909f56bfc062723c751e8b465ee728b)  -> (artifact id: 'e7a1c7c0d3b482361fe17774e5296813') in 0.006007 seconds
  Import took 0.012662 seconds .

========================================================================
Received Import Request.
  Time since last request: 0.000358 seconds.
  path: Assets/UnityNEAT/Extra/Prefabs/Target.prefab
  artifactKey: Guid(d61e47f71c2aa7144a07002df5b36b15) Importer(815301076,1909f56bfc062723c751e8b465ee728b)
Start importing Assets/UnityNEAT/Extra/Prefabs/Target.prefab using Guid(d61e47f71c2aa7144a07002df5b36b15) Importer(815301076,1909f56bfc062723c751e8b465ee728b)  -> (artifact id: 'de376e4796bb3c03cee8b14806415810') in 0.149789 seconds
  Import took 0.154595 seconds .

========================================================================
Received Import Request.
  Time since last request: 0.000295 seconds.
  path: Assets/UnityNEAT/Extra/Prefabs/smartUnit.prefab
  artifactKey: Guid(839f1f9a983d15f43bc323813a168ea3) Importer(815301076,1909f56bfc062723c751e8b465ee728b)
Start importing Assets/UnityNEAT/Extra/Prefabs/smartUnit.prefab using Guid(839f1f9a983d15f43bc323813a168ea3) Importer(815301076,1909f56bfc062723c751e8b465ee728b)  -> (artifact id: '2252cb311d96d2ff3124f673502b6788') in 0.011051 seconds
  Import took 0.015837 seconds .

========================================================================
Received Prepare
Refreshing native plugins compatible for Editor in 8.12 ms, found 1 plugins.
Preloading 0 native plugins for Editor in 0.00 ms.
Unloading 18 Unused Serialized files (Serialized files now loaded: 0)
System memory in use before: 55.9 MB.
System memory in use after: 56.0 MB.

Unloading 18 unused Assets to reduce memory usage. Loaded Objects now: 2557.
Total: 3.713900 ms (FindLiveObjects: 0.228000 ms CreateObjectMapping: 0.118200 ms MarkObjects: 3.334800 ms  DeleteObjects: 0.031600 ms)

========================================================================
Received Import Request.
  Time since last request: 21.906124 seconds.
  path: Assets/UnityNEAT/Extra/Scripts
  artifactKey: Guid(122d7ccdecba4b44d800df4a2fc16a61) Importer(815301076,1909f56bfc062723c751e8b465ee728b)
Start importing Assets/UnityNEAT/Extra/Scripts using Guid(122d7ccdecba4b44d800df4a2fc16a61) Importer(815301076,1909f56bfc062723c751e8b465ee728b)  -> (artifact id: '57c583caae4fb5f9803fae3eeb2934f2') in 0.002927 seconds
  Import took 0.006958 seconds .

========================================================================
Received Import Request.
  Time since last request: 0.987805 seconds.
  path: Assets/UnityNEAT/Extra/Scripts/LocomotionController.cs
  artifactKey: Guid(f8adf487ea6b0cf45979a3b2e703f7b1) Importer(815301076,1909f56bfc062723c751e8b465ee728b)
Start importing Assets/UnityNEAT/Extra/Scripts/LocomotionController.cs using Guid(f8adf487ea6b0cf45979a3b2e703f7b1) Importer(815301076,1909f56bfc062723c751e8b465ee728b)  -> (artifact id: 'b3b883b27435421c1578e912dc03e548') in 0.007166 seconds
  Import took 0.010965 seconds .

========================================================================
Received Import Request.
  Time since last request: 0.000723 seconds.
  path: Assets/UnityNEAT/Extra/Scripts/LocomotionController.cs
  artifactKey: Guid(f8adf487ea6b0cf45979a3b2e703f7b1) Importer(815301076,1909f56bfc062723c751e8b465ee728b)
Start importing Assets/UnityNEAT/Extra/Scripts/LocomotionController.cs using Guid(f8adf487ea6b0cf45979a3b2e703f7b1) Importer(815301076,1909f56bfc062723c751e8b465ee728b)  -> (artifact id: 'b3b883b27435421c1578e912dc03e548') in 0.001596 seconds
  Import took 0.005075 seconds .

========================================================================
Received Import Request.
  Time since last request: 0.893219 seconds.
  path: Assets/UnityNEAT/Extra/Scripts/TargetController.cs
  artifactKey: Guid(8baa262104d529445b4b731833e86a3b) Importer(815301076,1909f56bfc062723c751e8b465ee728b)
Start importing Assets/UnityNEAT/Extra/Scripts/TargetController.cs using Guid(8baa262104d529445b4b731833e86a3b) Importer(815301076,1909f56bfc062723c751e8b465ee728b)  -> (artifact id: '90a614a62aec8859abe8555f224bf5ee') in 0.001481 seconds
  Import took 0.004626 seconds .

========================================================================
Received Import Request.
  Time since last request: 1.083993 seconds.
  path: Assets/UnityNEAT/Extra/Scripts/TargetFrameRate.cs
  artifactKey: Guid(ae951f2fc5103db4ba23592b68965869) Importer(815301076,1909f56bfc062723c751e8b465ee728b)
Start importing Assets/UnityNEAT/Extra/Scripts/TargetFrameRate.cs using Guid(ae951f2fc5103db4ba23592b68965869) Importer(815301076,1909f56bfc062723c751e8b465ee728b)  -> (artifact id: '819bbddce80457de742559d37a74f419') in 0.001473 seconds
  Import took 0.004984 seconds .

========================================================================
Received Import Request.
  Time since last request: 195.251430 seconds.
  path: Assets/Games/Circle/Game Setting.asset
  artifactKey: Guid(7880ed6266587e94eb6b4fa1a039e166) Importer(815301076,1909f56bfc062723c751e8b465ee728b)
Start importing Assets/Games/Circle/Game Setting.asset using Guid(7880ed6266587e94eb6b4fa1a039e166) Importer(815301076,1909f56bfc062723c751e8b465ee728b)  -> (artifact id: '1e8f62a599e2965a7082be508c715872') in 0.005143 seconds
  Import took 0.008772 seconds .

========================================================================
Received Import Request.
  Time since last request: 0.016788 seconds.
  path: Assets/Games/Circle/Game Setting.asset
  artifactKey: Guid(7880ed6266587e94eb6b4fa1a039e166) Importer(815301076,1909f56bfc062723c751e8b465ee728b)
Start importing Assets/Games/Circle/Game Setting.asset using Guid(7880ed6266587e94eb6b4fa1a039e166) Importer(815301076,1909f56bfc062723c751e8b465ee728b)  -> (artifact id: '1e8f62a599e2965a7082be508c715872') in 0.002462 seconds
  Import took 0.007567 seconds .

========================================================================
Received Import Request.
  Time since last request: 18.798787 seconds.
  path: Assets/Games/Circle/Bird.cs
  artifactKey: Guid(88598e072129dae4681d5e2dc0b69d6c) Importer(815301076,1909f56bfc062723c751e8b465ee728b)
Start importing Assets/Games/Circle/Bird.cs using Guid(88598e072129dae4681d5e2dc0b69d6c) Importer(815301076,1909f56bfc062723c751e8b465ee728b)  -> (artifact id: 'b19b4c73dfceb4c9c67ee597c36e566c') in 0.001613 seconds
  Import took 0.005033 seconds .

========================================================================
Received Prepare
Registering precompiled user dll's ...
Registered in 0.001118 seconds.
Begin MonoManager ReloadAssembly
Native extension for WindowsStandalone target not found
Refreshing native plugins compatible for Editor in 0.42 ms, found 1 plugins.
Preloading 0 native plugins for Editor in 0.00 ms.
Invoked RoslynAnalysisRunner static constructor.
RoslynAnalysisRunner will not be running.
RoslynAnalysisRunner has terminated.
Mono: successfully reloaded assembly
- Completed reload, in  0.987 seconds
Platform modules already initialized, skipping
Refreshing native plugins compatible for Editor in 0.57 ms, found 1 plugins.
Preloading 0 native plugins for Editor in 0.00 ms.
Unloading 2092 Unused Serialized files (Serialized files now loaded: 0)
System memory in use before: 96.9 MB.
System memory in use after: 97.0 MB.

Unloading 20 unused Assets to reduce memory usage. Loaded Objects now: 2561.
Total: 1.700900 ms (FindLiveObjects: 0.175800 ms CreateObjectMapping: 0.079600 ms MarkObjects: 1.428100 ms  DeleteObjects: 0.016500 ms)

========================================================================
Received Prepare
Registering precompiled user dll's ...
Registered in 0.001201 seconds.
Begin MonoManager ReloadAssembly
Native extension for WindowsStandalone target not found
Refreshing native plugins compatible for Editor in 0.46 ms, found 1 plugins.
Preloading 0 native plugins for Editor in 0.00 ms.
Invoked RoslynAnalysisRunner static constructor.
RoslynAnalysisRunner will not be running.
RoslynAnalysisRunner has terminated.
Mono: successfully reloaded assembly
- Completed reload, in  1.080 seconds
Platform modules already initialized, skipping
Refreshing native plugins compatible for Editor in 0.55 ms, found 1 plugins.
Preloading 0 native plugins for Editor in 0.00 ms.
Unloading 2091 Unused Serialized files (Serialized files now loaded: 0)
System memory in use before: 96.9 MB.
System memory in use after: 97.0 MB.

Unloading 21 unused Assets to reduce memory usage. Loaded Objects now: 2563.
Total: 2.078700 ms (FindLiveObjects: 0.173700 ms CreateObjectMapping: 0.077500 ms MarkObjects: 1.807000 ms  DeleteObjects: 0.019800 ms)

========================================================================
Received Prepare
Registering precompiled user dll's ...
Registered in 0.002061 seconds.
Begin MonoManager ReloadAssembly
Native extension for WindowsStandalone target not found
Refreshing native plugins compatible for Editor in 3.76 ms, found 1 plugins.
Preloading 0 native plugins for Editor in 0.00 ms.
Invoked RoslynAnalysisRunner static constructor.
RoslynAnalysisRunner will not be running.
RoslynAnalysisRunner has terminated.
Mono: successfully reloaded assembly
- Completed reload, in  1.536 seconds
Platform modules already initialized, skipping
Refreshing native plugins compatible for Editor in 0.54 ms, found 1 plugins.
Preloading 0 native plugins for Editor in 0.00 ms.
Unloading 2091 Unused Serialized files (Serialized files now loaded: 0)
System memory in use before: 96.9 MB.
System memory in use after: 97.0 MB.

Unloading 20 unused Assets to reduce memory usage. Loaded Objects now: 2566.
Total: 2.548200 ms (FindLiveObjects: 0.212100 ms CreateObjectMapping: 0.076800 ms MarkObjects: 2.231600 ms  DeleteObjects: 0.026800 ms)

========================================================================
Received Import Request.
  Time since last request: 3796.460984 seconds.
  path: Assets/Games/Circle/C_Player.cs
  artifactKey: Guid(c9f3f289139c9734e9e563364fec8edb) Importer(815301076,1909f56bfc062723c751e8b465ee728b)
Start importing Assets/Games/Circle/C_Player.cs using Guid(c9f3f289139c9734e9e563364fec8edb) Importer(815301076,1909f56bfc062723c751e8b465ee728b)  -> (artifact id: 'f71164d8afb3f2c73353bd0d197f1f2e') in 0.006467 seconds
  Import took 0.010910 seconds .

========================================================================
Received Import Request.
  Time since last request: 5898.607786 seconds.
  path: ProjectSettings/TagManager.asset
  artifactKey: Guid(00000000000000003000000000000000) Importer(815301076,1909f56bfc062723c751e8b465ee728b)
Start importing ProjectSettings/TagManager.asset using Guid(00000000000000003000000000000000) Importer(815301076,1909f56bfc062723c751e8b465ee728b)  -> (artifact id: 'b2dee9ced0a85d274b96b1466a3268ad') in 0.073418 seconds
  Import took 0.143642 seconds .

========================================================================
Received Prepare
Registering precompiled user dll's ...
Registered in 0.000908 seconds.
Begin MonoManager ReloadAssembly
Native extension for WindowsStandalone target not found
Refreshing native plugins compatible for Editor in 0.59 ms, found 1 plugins.
Preloading 0 native plugins for Editor in 0.00 ms.
Invoked RoslynAnalysisRunner static constructor.
RoslynAnalysisRunner will not be running.
RoslynAnalysisRunner has terminated.
Mono: successfully reloaded assembly
- Completed reload, in  1.096 seconds
Platform modules already initialized, skipping
Refreshing native plugins compatible for Editor in 0.54 ms, found 1 plugins.
Preloading 0 native plugins for Editor in 0.00 ms.
Unloading 2091 Unused Serialized files (Serialized files now loaded: 0)
System memory in use before: 96.9 MB.
System memory in use after: 97.0 MB.

Unloading 21 unused Assets to reduce memory usage. Loaded Objects now: 2569.
Total: 2.150800 ms (FindLiveObjects: 0.198100 ms CreateObjectMapping: 0.080200 ms MarkObjects: 1.822300 ms  DeleteObjects: 0.049200 ms)

========================================================================
Received Prepare
Registering precompiled user dll's ...
Registered in 0.001409 seconds.
Begin MonoManager ReloadAssembly
Native extension for WindowsStandalone target not found
Refreshing native plugins compatible for Editor in 0.63 ms, found 1 plugins.
Preloading 0 native plugins for Editor in 0.00 ms.
Invoked RoslynAnalysisRunner static constructor.
RoslynAnalysisRunner will not be running.
RoslynAnalysisRunner has terminated.
Mono: successfully reloaded assembly
- Completed reload, in  1.267 seconds
Platform modules already initialized, skipping
Refreshing native plugins compatible for Editor in 0.58 ms, found 1 plugins.
Preloading 0 native plugins for Editor in 0.00 ms.
Unloading 2091 Unused Serialized files (Serialized files now loaded: 0)
System memory in use before: 96.9 MB.
System memory in use after: 97.1 MB.

Unloading 20 unused Assets to reduce memory usage. Loaded Objects now: 2572.
Total: 2.374700 ms (FindLiveObjects: 0.215600 ms CreateObjectMapping: 0.102500 ms MarkObjects: 2.028700 ms  DeleteObjects: 0.026900 ms)

========================================================================
Received Prepare
Registering precompiled user dll's ...
Registered in 0.001201 seconds.
Begin MonoManager ReloadAssembly
Native extension for WindowsStandalone target not found
Refreshing native plugins compatible for Editor in 0.47 ms, found 1 plugins.
Preloading 0 native plugins for Editor in 0.00 ms.
Invoked RoslynAnalysisRunner static constructor.
RoslynAnalysisRunner will not be running.
RoslynAnalysisRunner has terminated.
Mono: successfully reloaded assembly
- Completed reload, in  1.026 seconds
Platform modules already initialized, skipping
Refreshing native plugins compatible for Editor in 0.56 ms, found 1 plugins.
Preloading 0 native plugins for Editor in 0.00 ms.
Unloading 2091 Unused Serialized files (Serialized files now loaded: 0)
System memory in use before: 96.9 MB.
System memory in use after: 97.1 MB.

Unloading 20 unused Assets to reduce memory usage. Loaded Objects now: 2575.
Total: 1.743900 ms (FindLiveObjects: 0.170800 ms CreateObjectMapping: 0.071000 ms MarkObjects: 1.481100 ms  DeleteObjects: 0.020200 ms)

========================================================================
Received Import Request.
  Time since last request: 1731.870873 seconds.
  path: Assets/Games/Circle/C_Optimizer.cs
  artifactKey: Guid(fea7b82e67e29694e8bbdca592b86f85) Importer(815301076,1909f56bfc062723c751e8b465ee728b)
Start importing Assets/Games/Circle/C_Optimizer.cs using Guid(fea7b82e67e29694e8bbdca592b86f85) Importer(815301076,1909f56bfc062723c751e8b465ee728b)  -> (artifact id: '071d630b72a8d544f30523caea73de1d') in 0.007352 seconds
  Import took 0.011814 seconds .

========================================================================
Received Prepare
Registering precompiled user dll's ...
Registered in 0.006035 seconds.
Begin MonoManager ReloadAssembly
Native extension for WindowsStandalone target not found
Refreshing native plugins compatible for Editor in 1.07 ms, found 1 plugins.
Preloading 0 native plugins for Editor in 0.00 ms.
Invoked RoslynAnalysisRunner static constructor.
RoslynAnalysisRunner will not be running.
RoslynAnalysisRunner has terminated.
Mono: successfully reloaded assembly
- Completed reload, in  3.552 seconds
Platform modules already initialized, skipping
Refreshing native plugins compatible for Editor in 0.63 ms, found 1 plugins.
Preloading 0 native plugins for Editor in 0.00 ms.
Unloading 2092 Unused Serialized files (Serialized files now loaded: 0)
System memory in use before: 97.0 MB.
System memory in use after: 97.1 MB.

Unloading 20 unused Assets to reduce memory usage. Loaded Objects now: 2579.
Total: 4.293800 ms (FindLiveObjects: 0.393500 ms CreateObjectMapping: 0.172500 ms MarkObjects: 3.688300 ms  DeleteObjects: 0.037300 ms)

========================================================================
Received Import Request.
  Time since last request: 72.293170 seconds.
  path: Assets/UnityNEAT/SharpNEAT/Optimizer.cs
  artifactKey: Guid(34b24a5348a7fbc40951edfd1c5e796d) Importer(815301076,1909f56bfc062723c751e8b465ee728b)
Start importing Assets/UnityNEAT/SharpNEAT/Optimizer.cs using Guid(34b24a5348a7fbc40951edfd1c5e796d) Importer(815301076,1909f56bfc062723c751e8b465ee728b)  -> (artifact id: '6b05de6378062a5eb23b0fece00bac4d') in 0.005777 seconds
  Import took 0.010937 seconds .

========================================================================
Received Import Request.
  Time since last request: 0.001403 seconds.
  path: Assets/UnityNEAT/SharpNEAT/Optimizer.cs
  artifactKey: Guid(34b24a5348a7fbc40951edfd1c5e796d) Importer(815301076,1909f56bfc062723c751e8b465ee728b)
Start importing Assets/UnityNEAT/SharpNEAT/Optimizer.cs using Guid(34b24a5348a7fbc40951edfd1c5e796d) Importer(815301076,1909f56bfc062723c751e8b465ee728b)  -> (artifact id: '6b05de6378062a5eb23b0fece00bac4d') in 0.002744 seconds
  Import took 0.006174 seconds .

========================================================================
Received Prepare
Registering precompiled user dll's ...
Registered in 0.001138 seconds.
Begin MonoManager ReloadAssembly
Native extension for WindowsStandalone target not found
Refreshing native plugins compatible for Editor in 0.45 ms, found 1 plugins.
Preloading 0 native plugins for Editor in 0.00 ms.
Invoked RoslynAnalysisRunner static constructor.
RoslynAnalysisRunner will not be running.
RoslynAnalysisRunner has terminated.
Mono: successfully reloaded assembly
- Completed reload, in  1.032 seconds
Platform modules already initialized, skipping
Refreshing native plugins compatible for Editor in 0.53 ms, found 1 plugins.
Preloading 0 native plugins for Editor in 0.00 ms.
Unloading 2092 Unused Serialized files (Serialized files now loaded: 0)
System memory in use before: 97.0 MB.
System memory in use after: 97.1 MB.

Unloading 20 unused Assets to reduce memory usage. Loaded Objects now: 2582.
Total: 2.117600 ms (FindLiveObjects: 0.151700 ms CreateObjectMapping: 0.057400 ms MarkObjects: 1.889800 ms  DeleteObjects: 0.017900 ms)

========================================================================
Received Import Request.
  Time since last request: 138.848468 seconds.
  path: Assets/Games/Circle/C_Player.cs
  artifactKey: Guid(c9f3f289139c9734e9e563364fec8edb) Importer(815301076,1909f56bfc062723c751e8b465ee728b)
Start importing Assets/Games/Circle/C_Player.cs using Guid(c9f3f289139c9734e9e563364fec8edb) Importer(815301076,1909f56bfc062723c751e8b465ee728b)  -> (artifact id: '70524527ef7a5ae0e3c7e9347f962949') in 0.004437 seconds
  Import took 0.008050 seconds .

========================================================================
Received Prepare
Registering precompiled user dll's ...
Registered in 0.001241 seconds.
Begin MonoManager ReloadAssembly
Native extension for WindowsStandalone target not found
Refreshing native plugins compatible for Editor in 0.50 ms, found 1 plugins.
Preloading 0 native plugins for Editor in 0.00 ms.
Invoked RoslynAnalysisRunner static constructor.
RoslynAnalysisRunner will not be running.
RoslynAnalysisRunner has terminated.
Mono: successfully reloaded assembly
- Completed reload, in  1.013 seconds
Platform modules already initialized, skipping
Refreshing native plugins compatible for Editor in 0.48 ms, found 1 plugins.
Preloading 0 native plugins for Editor in 0.00 ms.
Unloading 2092 Unused Serialized files (Serialized files now loaded: 0)
System memory in use before: 97.0 MB.
System memory in use after: 97.1 MB.

Unloading 20 unused Assets to reduce memory usage. Loaded Objects now: 2585.
Total: 1.698900 ms (FindLiveObjects: 0.173300 ms CreateObjectMapping: 0.072800 ms MarkObjects: 1.436500 ms  DeleteObjects: 0.015600 ms)

========================================================================
Received Import Request.
  Time since last request: 91.309560 seconds.
  path: Assets/Games/Circle/Player.prefab
  artifactKey: Guid(8fe15639712dbf14cb3efcad22356d5f) Importer(815301076,1909f56bfc062723c751e8b465ee728b)
Start importing Assets/Games/Circle/Player.prefab using Guid(8fe15639712dbf14cb3efcad22356d5f) Importer(815301076,1909f56bfc062723c751e8b465ee728b)  -> (artifact id: 'ff05d6e41164df2794e06b48eb3d4161') in 0.113484 seconds
  Import took 0.118650 seconds .

========================================================================
Received Prepare
Registering precompiled user dll's ...
Registered in 0.000970 seconds.
Begin MonoManager ReloadAssembly
Native extension for WindowsStandalone target not found
Refreshing native plugins compatible for Editor in 0.46 ms, found 1 plugins.
Preloading 0 native plugins for Editor in 0.00 ms.
Invoked RoslynAnalysisRunner static constructor.
RoslynAnalysisRunner will not be running.
RoslynAnalysisRunner has terminated.
Mono: successfully reloaded assembly
- Completed reload, in  1.053 seconds
Platform modules already initialized, skipping
Refreshing native plugins compatible for Editor in 0.68 ms, found 1 plugins.
Preloading 0 native plugins for Editor in 0.00 ms.
Unloading 2092 Unused Serialized files (Serialized files now loaded: 0)
System memory in use before: 97.0 MB.
System memory in use after: 97.1 MB.

Unloading 20 unused Assets to reduce memory usage. Loaded Objects now: 2589.
Total: 2.147500 ms (FindLiveObjects: 0.183900 ms CreateObjectMapping: 0.087100 ms MarkObjects: 1.859100 ms  DeleteObjects: 0.016600 ms)

========================================================================
Received Import Request.
  Time since last request: 384.133291 seconds.
  path: Assets/UnityNEAT/SharpNEAT/Optimizer.cs
  artifactKey: Guid(34b24a5348a7fbc40951edfd1c5e796d) Importer(815301076,1909f56bfc062723c751e8b465ee728b)
Start importing Assets/UnityNEAT/SharpNEAT/Optimizer.cs using Guid(34b24a5348a7fbc40951edfd1c5e796d) Importer(815301076,1909f56bfc062723c751e8b465ee728b)  -> (artifact id: '9ec2f1dd254e4316507c06786260c686') in 0.009845 seconds
  Import took 0.015608 seconds .

========================================================================
Received Prepare
Registering precompiled user dll's ...
Registered in 0.001470 seconds.
Begin MonoManager ReloadAssembly
Native extension for WindowsStandalone target not found
Refreshing native plugins compatible for Editor in 0.44 ms, found 1 plugins.
Preloading 0 native plugins for Editor in 0.00 ms.
Invoked RoslynAnalysisRunner static constructor.
RoslynAnalysisRunner will not be running.
RoslynAnalysisRunner has terminated.
Mono: successfully reloaded assembly
- Completed reload, in  1.075 seconds
Platform modules already initialized, skipping
Refreshing native plugins compatible for Editor in 0.61 ms, found 1 plugins.
Preloading 0 native plugins for Editor in 0.00 ms.
Unloading 2092 Unused Serialized files (Serialized files now loaded: 0)
System memory in use before: 97.0 MB.
System memory in use after: 97.1 MB.

Unloading 20 unused Assets to reduce memory usage. Loaded Objects now: 2592.
Total: 2.027100 ms (FindLiveObjects: 0.220400 ms CreateObjectMapping: 0.100600 ms MarkObjects: 1.682800 ms  DeleteObjects: 0.019600 ms)

========================================================================
Received Import Request.
  Time since last request: 101.429341 seconds.
  path: Assets/UnityNEAT/SharpNEAT/Optimizer.cs
  artifactKey: Guid(34b24a5348a7fbc40951edfd1c5e796d) Importer(815301076,1909f56bfc062723c751e8b465ee728b)
Start importing Assets/UnityNEAT/SharpNEAT/Optimizer.cs using Guid(34b24a5348a7fbc40951edfd1c5e796d) Importer(815301076,1909f56bfc062723c751e8b465ee728b)  -> (artifact id: '513428683513dc2d417fca785d16633f') in 0.004248 seconds
  Import took 0.009172 seconds .

========================================================================
Received Prepare
Registering precompiled user dll's ...
Registered in 0.001545 seconds.
Begin MonoManager ReloadAssembly
Native extension for WindowsStandalone target not found
Refreshing native plugins compatible for Editor in 0.84 ms, found 1 plugins.
Preloading 0 native plugins for Editor in 0.00 ms.
Invoked RoslynAnalysisRunner static constructor.
RoslynAnalysisRunner will not be running.
RoslynAnalysisRunner has terminated.
Mono: successfully reloaded assembly
- Completed reload, in  1.438 seconds
Platform modules already initialized, skipping
Refreshing native plugins compatible for Editor in 0.70 ms, found 1 plugins.
Preloading 0 native plugins for Editor in 0.00 ms.
Unloading 2092 Unused Serialized files (Serialized files now loaded: 0)
System memory in use before: 97.0 MB.
System memory in use after: 97.2 MB.

Unloading 20 unused Assets to reduce memory usage. Loaded Objects now: 2595.
Total: 3.621900 ms (FindLiveObjects: 0.277800 ms CreateObjectMapping: 0.112700 ms MarkObjects: 3.203200 ms  DeleteObjects: 0.026400 ms)

========================================================================
Received Prepare
Registering precompiled user dll's ...
Registered in 0.001035 seconds.
Begin MonoManager ReloadAssembly
Native extension for WindowsStandalone target not found
Refreshing native plugins compatible for Editor in 0.54 ms, found 1 plugins.
Preloading 0 native plugins for Editor in 0.00 ms.
Invoked RoslynAnalysisRunner static constructor.
RoslynAnalysisRunner will not be running.
RoslynAnalysisRunner has terminated.
Mono: successfully reloaded assembly
- Completed reload, in  1.075 seconds
Platform modules already initialized, skipping
Refreshing native plugins compatible for Editor in 0.63 ms, found 1 plugins.
Preloading 0 native plugins for Editor in 0.00 ms.
Unloading 2092 Unused Serialized files (Serialized files now loaded: 0)
System memory in use before: 97.0 MB.
System memory in use after: 97.2 MB.

Unloading 20 unused Assets to reduce memory usage. Loaded Objects now: 2598.
Total: 2.158900 ms (FindLiveObjects: 0.218400 ms CreateObjectMapping: 0.090600 ms MarkObjects: 1.830200 ms  DeleteObjects: 0.018400 ms)

========================================================================
Received Prepare
Registering precompiled user dll's ...
Registered in 0.001210 seconds.
Begin MonoManager ReloadAssembly
Native extension for WindowsStandalone target not found
Refreshing native plugins compatible for Editor in 0.61 ms, found 1 plugins.
Preloading 0 native plugins for Editor in 0.00 ms.
Invoked RoslynAnalysisRunner static constructor.
RoslynAnalysisRunner will not be running.
RoslynAnalysisRunner has terminated.
Mono: successfully reloaded assembly
- Completed reload, in  1.223 seconds
Platform modules already initialized, skipping
Refreshing native plugins compatible for Editor in 0.58 ms, found 1 plugins.
Preloading 0 native plugins for Editor in 0.00 ms.
Unloading 2092 Unused Serialized files (Serialized files now loaded: 0)
System memory in use before: 97.1 MB.
System memory in use after: 97.2 MB.

Unloading 20 unused Assets to reduce memory usage. Loaded Objects now: 2601.
Total: 2.386800 ms (FindLiveObjects: 0.222100 ms CreateObjectMapping: 0.087200 ms MarkObjects: 2.056000 ms  DeleteObjects: 0.020700 ms)

========================================================================
Received Prepare
Registering precompiled user dll's ...
Registered in 0.001169 seconds.
Begin MonoManager ReloadAssembly
Native extension for WindowsStandalone target not found
Refreshing native plugins compatible for Editor in 0.62 ms, found 1 plugins.
Preloading 0 native plugins for Editor in 0.00 ms.
Invoked RoslynAnalysisRunner static constructor.
RoslynAnalysisRunner will not be running.
RoslynAnalysisRunner has terminated.
Mono: successfully reloaded assembly
- Completed reload, in  1.216 seconds
Platform modules already initialized, skipping
Refreshing native plugins compatible for Editor in 1.29 ms, found 1 plugins.
Preloading 0 native plugins for Editor in 0.00 ms.
Unloading 2092 Unused Serialized files (Serialized files now loaded: 0)
System memory in use before: 97.1 MB.
System memory in use after: 97.2 MB.

Unloading 20 unused Assets to reduce memory usage. Loaded Objects now: 2604.
Total: 2.310700 ms (FindLiveObjects: 0.312400 ms CreateObjectMapping: 0.142000 ms MarkObjects: 1.835000 ms  DeleteObjects: 0.020200 ms)

========================================================================
Received Prepare
Registering precompiled user dll's ...
Registered in 0.001138 seconds.
Begin MonoManager ReloadAssembly
Native extension for WindowsStandalone target not found
Refreshing native plugins compatible for Editor in 0.45 ms, found 1 plugins.
Preloading 0 native plugins for Editor in 0.00 ms.
Invoked RoslynAnalysisRunner static constructor.
RoslynAnalysisRunner will not be running.
RoslynAnalysisRunner has terminated.
Mono: successfully reloaded assembly
- Completed reload, in  1.009 seconds
Platform modules already initialized, skipping
Refreshing native plugins compatible for Editor in 0.54 ms, found 1 plugins.
Preloading 0 native plugins for Editor in 0.00 ms.
Unloading 2092 Unused Serialized files (Serialized files now loaded: 0)
System memory in use before: 97.1 MB.
System memory in use after: 97.2 MB.

Unloading 20 unused Assets to reduce memory usage. Loaded Objects now: 2607.
Total: 2.051000 ms (FindLiveObjects: 0.274200 ms CreateObjectMapping: 0.138100 ms MarkObjects: 1.616000 ms  DeleteObjects: 0.020900 ms)

========================================================================
Received Prepare
Registering precompiled user dll's ...
Registered in 0.000942 seconds.
Begin MonoManager ReloadAssembly
Native extension for WindowsStandalone target not found
Refreshing native plugins compatible for Editor in 0.60 ms, found 1 plugins.
Preloading 0 native plugins for Editor in 0.00 ms.
Invoked RoslynAnalysisRunner static constructor.
RoslynAnalysisRunner will not be running.
RoslynAnalysisRunner has terminated.
Mono: successfully reloaded assembly
- Completed reload, in  1.185 seconds
Platform modules already initialized, skipping
Refreshing native plugins compatible for Editor in 0.61 ms, found 1 plugins.
Preloading 0 native plugins for Editor in 0.00 ms.
Unloading 2092 Unused Serialized files (Serialized files now loaded: 0)
System memory in use before: 97.1 MB.
System memory in use after: 97.2 MB.

Unloading 20 unused Assets to reduce memory usage. Loaded Objects now: 2610.
Total: 2.326700 ms (FindLiveObjects: 0.334400 ms CreateObjectMapping: 0.135200 ms MarkObjects: 1.834800 ms  DeleteObjects: 0.021200 ms)

